2016-07-02 11:39:51,889 [Worker-8] INFO  o.e.m.c.i.l.LifecycleMappingFactory - Using org.maven.ide.eclipse.wtp.WarLifecycleMapping lifecycle mapping for MavenProject: cloud_disk:cloud_disk:0.0.1-SNAPSHOT @ E:\swiftdisk\swiftdisk_jclouds\cloud_disk\pom.xml.
2016-07-02 11:39:54,989 [Worker-8] INFO  o.e.m.j.i.AbstractJavaProjectConfigurator - Adding source folder /cloud_disk/src
2016-07-02 11:39:54,991 [Worker-8] INFO  o.e.m.j.i.AbstractJavaProjectConfigurator - Not adding source folder /cloud_disk/src/test/java because it overlaps with /cloud_disk/src
2016-07-02 11:39:55,919 [Worker-3] INFO  o.e.m.c.i.l.LifecycleMappingFactory - Using org.maven.ide.eclipse.wtp.WarLifecycleMapping lifecycle mapping for MavenProject: cloud_disk:cloud_disk:0.0.1-SNAPSHOT @ E:\swiftdisk\swiftdisk_jclouds\cloud_disk\pom.xml.
2016-07-02 11:39:56,099 [Worker-3] WARN  o.e.m.c.i.embedder.EclipseLogger - Using platform encoding (GBK actually) to copy filtered resources, i.e. build is platform dependent!
2016-07-02 11:39:56,101 [Worker-3] INFO  o.e.m.c.i.embedder.EclipseLogger - skip non existing resourceDirectory E:\swiftdisk\swiftdisk_jclouds\cloud_disk\src\main\resources
2016-07-02 11:39:56,149 [Worker-3] WARN  o.e.m.c.i.embedder.EclipseLogger - Using platform encoding (GBK actually) to copy filtered resources, i.e. build is platform dependent!
2016-07-02 11:39:56,150 [Worker-3] INFO  o.e.m.c.i.embedder.EclipseLogger - skip non existing resourceDirectory E:\swiftdisk\swiftdisk_jclouds\cloud_disk\src\test\resources
2016-07-02 11:39:56,267 [Worker-8] INFO  o.e.m.c.i.p.ProjectConfigurationManager - Update started
2016-07-02 11:39:56,346 [Worker-8] INFO  o.e.m.c.i.l.LifecycleMappingFactory - Using org.maven.ide.eclipse.wtp.WarLifecycleMapping lifecycle mapping for MavenProject: cloud_disk:cloud_disk:0.0.1-SNAPSHOT @ E:\swiftdisk\swiftdisk_jclouds\cloud_disk\pom.xml.
2016-07-02 11:39:56,641 [Worker-8] INFO  o.e.m.j.i.AbstractJavaProjectConfigurator - Adding source folder /cloud_disk/src
2016-07-02 11:39:56,641 [Worker-8] INFO  o.e.m.j.i.AbstractJavaProjectConfigurator - Not adding source folder /cloud_disk/src/test/java because it overlaps with /cloud_disk/src
2016-07-02 11:39:57,108 [Worker-8] INFO  o.e.m.c.i.l.LifecycleMappingFactory - Using org.maven.ide.eclipse.wtp.WarLifecycleMapping lifecycle mapping for MavenProject: cloud_disk:cloud_disk:0.0.1-SNAPSHOT @ E:\swiftdisk\swiftdisk_jclouds\cloud_disk\pom.xml.
2016-07-02 11:39:57,196 [Worker-8] INFO  o.e.m.w.i.f.ResourceFilteringBuildParticipant - Cleaning filtered folder for cloud_disk
2016-07-02 11:39:57,255 [Worker-8] INFO  o.e.m.c.i.p.ProjectConfigurationManager - Update completed: 0 sec
2016-07-02 11:39:57,432 [Worker-9] WARN  o.e.m.c.i.embedder.EclipseLogger - Using platform encoding (GBK actually) to copy filtered resources, i.e. build is platform dependent!
2016-07-02 11:39:57,433 [Worker-9] INFO  o.e.m.c.i.embedder.EclipseLogger - skip non existing resourceDirectory E:\swiftdisk\swiftdisk_jclouds\cloud_disk\src\main\resources
2016-07-02 11:39:57,436 [Worker-9] WARN  o.e.m.c.i.embedder.EclipseLogger - Using platform encoding (GBK actually) to copy filtered resources, i.e. build is platform dependent!
2016-07-02 11:39:57,437 [Worker-9] INFO  o.e.m.c.i.embedder.EclipseLogger - skip non existing resourceDirectory E:\swiftdisk\swiftdisk_jclouds\cloud_disk\src\test\resources
2016-07-02 11:44:08,055 [Worker-5] INFO  o.e.m.c.i.l.LifecycleMappingFactory - Using org.maven.ide.eclipse.wtp.WarLifecycleMapping lifecycle mapping for MavenProject: cloud_disk:cloud_disk:0.0.1-SNAPSHOT @ E:\swiftdisk\swiftdisk_jclouds\cloud_disk\pom.xml.
2016-07-02 11:44:08,906 [Worker-5] WARN  o.e.m.c.i.embedder.EclipseLogger - Using platform encoding (GBK actually) to copy filtered resources, i.e. build is platform dependent!
2016-07-02 11:44:08,908 [Worker-5] INFO  o.e.m.c.i.embedder.EclipseLogger - skip non existing resourceDirectory E:\swiftdisk\swiftdisk_jclouds\cloud_disk\src\main\resources
2016-07-02 11:44:08,910 [Worker-5] WARN  o.e.m.c.i.embedder.EclipseLogger - Using platform encoding (GBK actually) to copy filtered resources, i.e. build is platform dependent!
2016-07-02 11:44:08,911 [Worker-5] INFO  o.e.m.c.i.embedder.EclipseLogger - skip non existing resourceDirectory E:\swiftdisk\swiftdisk_jclouds\cloud_disk\src\test\resources
2016-07-02 11:44:08,912 [Worker-5] INFO  o.e.m.w.i.f.ResourceFilteringBuildParticipant - Changed resources require a complete clean of filtered resources of cloud_disk
2016-07-02 11:44:08,913 [Worker-5] INFO  o.e.m.w.i.f.ResourceFilteringBuildParticipant - Executing resource filtering for cloud_disk
2016-07-02 11:44:08,921 [Worker-5] WARN  o.e.m.c.i.embedder.EclipseLogger - The POM for org.apache.maven.plugins:maven-clean-plugin:jar:2.5 is missing, no dependency information available
2016-07-02 11:44:08,932 [Worker-5] WARN  o.e.m.c.i.embedder.EclipseLogger - Using platform encoding (GBK actually) to copy filtered resources, i.e. build is platform dependent!
2016-07-02 11:48:55,408 [Worker-9] WARN  o.e.m.c.i.embedder.EclipseLogger - Using platform encoding (GBK actually) to copy filtered resources, i.e. build is platform dependent!
2016-07-02 11:48:55,409 [Worker-9] INFO  o.e.m.c.i.embedder.EclipseLogger - skip non existing resourceDirectory E:\swiftdisk\swiftdisk_jclouds\cloud_disk\src\main\resources
2016-07-02 11:48:55,411 [Worker-9] WARN  o.e.m.c.i.embedder.EclipseLogger - Using platform encoding (GBK actually) to copy filtered resources, i.e. build is platform dependent!
2016-07-02 11:48:55,412 [Worker-9] INFO  o.e.m.c.i.embedder.EclipseLogger - skip non existing resourceDirectory E:\swiftdisk\swiftdisk_jclouds\cloud_disk\src\test\resources
2016-07-02 11:49:37,360 [Worker-4] WARN  o.e.m.c.i.embedder.EclipseLogger - Using platform encoding (GBK actually) to copy filtered resources, i.e. build is platform dependent!
2016-07-02 11:49:37,361 [Worker-4] INFO  o.e.m.c.i.embedder.EclipseLogger - skip non existing resourceDirectory E:\swiftdisk\swiftdisk_jclouds\cloud_disk\src\main\resources
2016-07-02 11:49:37,363 [Worker-4] WARN  o.e.m.c.i.embedder.EclipseLogger - Using platform encoding (GBK actually) to copy filtered resources, i.e. build is platform dependent!
2016-07-02 11:49:37,364 [Worker-4] INFO  o.e.m.c.i.embedder.EclipseLogger - skip non existing resourceDirectory E:\swiftdisk\swiftdisk_jclouds\cloud_disk\src\test\resources
2016-07-02 11:49:37,365 [Worker-4] INFO  o.e.m.w.i.f.ResourceFilteringBuildParticipant - Changed resources require a complete clean of filtered resources of cloud_disk
2016-07-02 11:49:37,368 [Worker-4] INFO  o.e.m.w.i.f.ResourceFilteringBuildParticipant - Executing resource filtering for cloud_disk
2016-07-02 11:49:37,369 [Worker-4] WARN  o.e.m.c.i.embedder.EclipseLogger - Using platform encoding (GBK actually) to copy filtered resources, i.e. build is platform dependent!
2016-07-02 11:50:13,065 [main] INFO  o.e.m.c.i.l.LifecycleMappingFactory - Using org.maven.ide.eclipse.wtp.WarLifecycleMapping lifecycle mapping for MavenProject: cloud_disk:cloud_disk:0.0.1-SNAPSHOT @ E:\swiftdisk\swiftdisk_jclouds\cloud_disk\pom.xml.
2016-07-02 11:50:19,055 [main] INFO  o.e.m.c.i.l.LifecycleMappingFactory - Using org.maven.ide.eclipse.wtp.WarLifecycleMapping lifecycle mapping for MavenProject: cloud_disk:cloud_disk:0.0.1-SNAPSHOT @ E:\swiftdisk\swiftdisk_jclouds\cloud_disk\pom.xml.
2016-07-02 11:51:11,494 [Worker-4] WARN  o.e.m.c.i.embedder.EclipseLogger - Using platform encoding (GBK actually) to copy filtered resources, i.e. build is platform dependent!
2016-07-02 11:51:11,495 [Worker-4] INFO  o.e.m.c.i.embedder.EclipseLogger - skip non existing resourceDirectory E:\swiftdisk\swiftdisk_jclouds\cloud_disk\src\main\resources
2016-07-02 11:51:11,497 [Worker-4] WARN  o.e.m.c.i.embedder.EclipseLogger - Using platform encoding (GBK actually) to copy filtered resources, i.e. build is platform dependent!
2016-07-02 11:51:11,498 [Worker-4] INFO  o.e.m.c.i.embedder.EclipseLogger - skip non existing resourceDirectory E:\swiftdisk\swiftdisk_jclouds\cloud_disk\src\test\resources
2016-07-02 11:51:38,703 [main] INFO  o.e.m.c.i.l.LifecycleMappingFactory - Using org.maven.ide.eclipse.wtp.WarLifecycleMapping lifecycle mapping for MavenProject: cloud_disk:cloud_disk:0.0.1-SNAPSHOT @ E:\swiftdisk\swiftdisk_jclouds\cloud_disk\pom.xml.
2016-07-02 11:55:50,164 [Worker-4] WARN  o.e.m.c.i.embedder.EclipseLogger - Using platform encoding (GBK actually) to copy filtered resources, i.e. build is platform dependent!
2016-07-02 11:55:50,165 [Worker-4] INFO  o.e.m.c.i.embedder.EclipseLogger - skip non existing resourceDirectory E:\swiftdisk\swiftdisk_jclouds\cloud_disk\src\main\resources
2016-07-02 11:55:50,169 [Worker-4] WARN  o.e.m.c.i.embedder.EclipseLogger - Using platform encoding (GBK actually) to copy filtered resources, i.e. build is platform dependent!
2016-07-02 11:55:50,170 [Worker-4] INFO  o.e.m.c.i.embedder.EclipseLogger - skip non existing resourceDirectory E:\swiftdisk\swiftdisk_jclouds\cloud_disk\src\test\resources
2016-07-02 11:56:40,329 [Worker-2] WARN  o.e.m.c.i.embedder.EclipseLogger - Using platform encoding (GBK actually) to copy filtered resources, i.e. build is platform dependent!
2016-07-02 11:56:40,329 [Worker-2] INFO  o.e.m.c.i.embedder.EclipseLogger - skip non existing resourceDirectory E:\swiftdisk\swiftdisk_jclouds\cloud_disk\src\main\resources
2016-07-02 11:56:40,329 [Worker-2] WARN  o.e.m.c.i.embedder.EclipseLogger - Using platform encoding (GBK actually) to copy filtered resources, i.e. build is platform dependent!
2016-07-02 11:56:40,329 [Worker-2] INFO  o.e.m.c.i.embedder.EclipseLogger - skip non existing resourceDirectory E:\swiftdisk\swiftdisk_jclouds\cloud_disk\src\test\resources
2016-07-02 11:56:45,544 [Worker-3] WARN  o.e.m.c.i.embedder.EclipseLogger - Using platform encoding (GBK actually) to copy filtered resources, i.e. build is platform dependent!
2016-07-02 11:56:45,544 [Worker-3] INFO  o.e.m.c.i.embedder.EclipseLogger - skip non existing resourceDirectory E:\swiftdisk\swiftdisk_jclouds\cloud_disk\src\main\resources
2016-07-02 11:56:45,546 [Worker-3] WARN  o.e.m.c.i.embedder.EclipseLogger - Using platform encoding (GBK actually) to copy filtered resources, i.e. build is platform dependent!
2016-07-02 11:56:45,547 [Worker-3] INFO  o.e.m.c.i.embedder.EclipseLogger - skip non existing resourceDirectory E:\swiftdisk\swiftdisk_jclouds\cloud_disk\src\test\resources
2016-07-02 11:56:59,331 [Worker-4] WARN  o.e.m.c.i.embedder.EclipseLogger - Using platform encoding (GBK actually) to copy filtered resources, i.e. build is platform dependent!
2016-07-02 11:56:59,332 [Worker-4] INFO  o.e.m.c.i.embedder.EclipseLogger - skip non existing resourceDirectory E:\swiftdisk\swiftdisk_jclouds\cloud_disk\src\main\resources
2016-07-02 11:56:59,336 [Worker-4] WARN  o.e.m.c.i.embedder.EclipseLogger - Using platform encoding (GBK actually) to copy filtered resources, i.e. build is platform dependent!
2016-07-02 11:56:59,337 [Worker-4] INFO  o.e.m.c.i.embedder.EclipseLogger - skip non existing resourceDirectory E:\swiftdisk\swiftdisk_jclouds\cloud_disk\src\test\resources
2016-07-02 12:01:47,753 [Worker-10] INFO  o.e.m.w.i.f.ResourceFilteringBuildParticipant - Cleaning filtered folder for cloud_disk
2016-07-02 12:01:50,104 [Worker-13] WARN  o.e.m.c.i.embedder.EclipseLogger - Using platform encoding (GBK actually) to copy filtered resources, i.e. build is platform dependent!
2016-07-02 12:01:50,105 [Worker-13] INFO  o.e.m.c.i.embedder.EclipseLogger - skip non existing resourceDirectory E:\swiftdisk\swiftdisk_jclouds\cloud_disk\src\main\resources
2016-07-02 12:01:50,106 [Worker-13] WARN  o.e.m.c.i.embedder.EclipseLogger - Using platform encoding (GBK actually) to copy filtered resources, i.e. build is platform dependent!
2016-07-02 12:01:50,107 [Worker-13] INFO  o.e.m.c.i.embedder.EclipseLogger - skip non existing resourceDirectory E:\swiftdisk\swiftdisk_jclouds\cloud_disk\src\test\resources
2016-07-02 12:03:55,669 [Worker-10] WARN  o.e.m.c.i.embedder.EclipseLogger - Using platform encoding (GBK actually) to copy filtered resources, i.e. build is platform dependent!
2016-07-02 12:03:55,671 [Worker-10] INFO  o.e.m.c.i.embedder.EclipseLogger - skip non existing resourceDirectory E:\swiftdisk\swiftdisk_jclouds\cloud_disk\src\main\resources
2016-07-02 12:03:55,673 [Worker-10] WARN  o.e.m.c.i.embedder.EclipseLogger - Using platform encoding (GBK actually) to copy filtered resources, i.e. build is platform dependent!
2016-07-02 12:03:55,674 [Worker-10] INFO  o.e.m.c.i.embedder.EclipseLogger - skip non existing resourceDirectory E:\swiftdisk\swiftdisk_jclouds\cloud_disk\src\test\resources
2016-07-02 12:04:55,940 [Worker-3] WARN  o.e.m.c.i.embedder.EclipseLogger - Using platform encoding (GBK actually) to copy filtered resources, i.e. build is platform dependent!
2016-07-02 12:04:55,942 [Worker-3] INFO  o.e.m.c.i.embedder.EclipseLogger - skip non existing resourceDirectory E:\swiftdisk\swiftdisk_jclouds\cloud_disk\src\main\resources
2016-07-02 12:04:55,944 [Worker-3] WARN  o.e.m.c.i.embedder.EclipseLogger - Using platform encoding (GBK actually) to copy filtered resources, i.e. build is platform dependent!
2016-07-02 12:04:55,945 [Worker-3] INFO  o.e.m.c.i.embedder.EclipseLogger - skip non existing resourceDirectory E:\swiftdisk\swiftdisk_jclouds\cloud_disk\src\test\resources
2016-07-02 12:07:41,479 [Worker-13] WARN  o.e.m.c.i.embedder.EclipseLogger - Using platform encoding (GBK actually) to copy filtered resources, i.e. build is platform dependent!
2016-07-02 12:07:41,479 [Worker-13] INFO  o.e.m.c.i.embedder.EclipseLogger - skip non existing resourceDirectory E:\swiftdisk\swiftdisk_jclouds\cloud_disk\src\main\resources
2016-07-02 12:07:41,479 [Worker-13] WARN  o.e.m.c.i.embedder.EclipseLogger - Using platform encoding (GBK actually) to copy filtered resources, i.e. build is platform dependent!
2016-07-02 12:07:41,479 [Worker-13] INFO  o.e.m.c.i.embedder.EclipseLogger - skip non existing resourceDirectory E:\swiftdisk\swiftdisk_jclouds\cloud_disk\src\test\resources
2016-07-02 12:07:53,567 [Worker-7] WARN  o.e.m.c.i.embedder.EclipseLogger - Using platform encoding (GBK actually) to copy filtered resources, i.e. build is platform dependent!
2016-07-02 12:07:53,574 [Worker-7] INFO  o.e.m.c.i.embedder.EclipseLogger - skip non existing resourceDirectory E:\swiftdisk\swiftdisk_jclouds\cloud_disk\src\main\resources
2016-07-02 12:07:53,577 [Worker-7] WARN  o.e.m.c.i.embedder.EclipseLogger - Using platform encoding (GBK actually) to copy filtered resources, i.e. build is platform dependent!
2016-07-02 12:07:53,578 [Worker-7] INFO  o.e.m.c.i.embedder.EclipseLogger - skip non existing resourceDirectory E:\swiftdisk\swiftdisk_jclouds\cloud_disk\src\test\resources
2016-07-02 12:09:26,988 [Worker-4] WARN  o.e.m.c.i.embedder.EclipseLogger - Using platform encoding (GBK actually) to copy filtered resources, i.e. build is platform dependent!
2016-07-02 12:09:26,988 [Worker-4] INFO  o.e.m.c.i.embedder.EclipseLogger - skip non existing resourceDirectory E:\swiftdisk\swiftdisk_jclouds\cloud_disk\src\main\resources
2016-07-02 12:09:26,988 [Worker-4] WARN  o.e.m.c.i.embedder.EclipseLogger - Using platform encoding (GBK actually) to copy filtered resources, i.e. build is platform dependent!
2016-07-02 12:09:26,988 [Worker-4] INFO  o.e.m.c.i.embedder.EclipseLogger - skip non existing resourceDirectory E:\swiftdisk\swiftdisk_jclouds\cloud_disk\src\test\resources
2016-07-02 12:09:36,695 [Worker-8] WARN  o.e.m.c.i.embedder.EclipseLogger - Using platform encoding (GBK actually) to copy filtered resources, i.e. build is platform dependent!
2016-07-02 12:09:36,696 [Worker-8] INFO  o.e.m.c.i.embedder.EclipseLogger - skip non existing resourceDirectory E:\swiftdisk\swiftdisk_jclouds\cloud_disk\src\main\resources
2016-07-02 12:09:36,697 [Worker-8] WARN  o.e.m.c.i.embedder.EclipseLogger - Using platform encoding (GBK actually) to copy filtered resources, i.e. build is platform dependent!
2016-07-02 12:09:36,698 [Worker-8] INFO  o.e.m.c.i.embedder.EclipseLogger - skip non existing resourceDirectory E:\swiftdisk\swiftdisk_jclouds\cloud_disk\src\test\resources
2016-07-02 12:10:09,095 [Worker-4] WARN  o.e.m.c.i.embedder.EclipseLogger - Using platform encoding (GBK actually) to copy filtered resources, i.e. build is platform dependent!
2016-07-02 12:10:09,095 [Worker-4] INFO  o.e.m.c.i.embedder.EclipseLogger - skip non existing resourceDirectory E:\swiftdisk\swiftdisk_jclouds\cloud_disk\src\main\resources
2016-07-02 12:10:09,095 [Worker-4] WARN  o.e.m.c.i.embedder.EclipseLogger - Using platform encoding (GBK actually) to copy filtered resources, i.e. build is platform dependent!
2016-07-02 12:10:09,095 [Worker-4] INFO  o.e.m.c.i.embedder.EclipseLogger - skip non existing resourceDirectory E:\swiftdisk\swiftdisk_jclouds\cloud_disk\src\test\resources
2016-07-02 12:10:31,456 [Worker-10] WARN  o.e.m.c.i.embedder.EclipseLogger - Using platform encoding (GBK actually) to copy filtered resources, i.e. build is platform dependent!
2016-07-02 12:10:31,457 [Worker-10] INFO  o.e.m.c.i.embedder.EclipseLogger - skip non existing resourceDirectory E:\swiftdisk\swiftdisk_jclouds\cloud_disk\src\main\resources
2016-07-02 12:10:31,458 [Worker-10] WARN  o.e.m.c.i.embedder.EclipseLogger - Using platform encoding (GBK actually) to copy filtered resources, i.e. build is platform dependent!
2016-07-02 12:10:31,459 [Worker-10] INFO  o.e.m.c.i.embedder.EclipseLogger - skip non existing resourceDirectory E:\swiftdisk\swiftdisk_jclouds\cloud_disk\src\test\resources
2016-07-02 12:14:46,711 [Worker-3] WARN  o.e.m.c.i.embedder.EclipseLogger - Using platform encoding (GBK actually) to copy filtered resources, i.e. build is platform dependent!
2016-07-02 12:14:46,714 [Worker-3] INFO  o.e.m.c.i.embedder.EclipseLogger - skip non existing resourceDirectory E:\swiftdisk\swiftdisk_jclouds\cloud_disk\src\main\resources
2016-07-02 12:14:46,715 [Worker-3] WARN  o.e.m.c.i.embedder.EclipseLogger - Using platform encoding (GBK actually) to copy filtered resources, i.e. build is platform dependent!
2016-07-02 12:14:46,716 [Worker-3] INFO  o.e.m.c.i.embedder.EclipseLogger - skip non existing resourceDirectory E:\swiftdisk\swiftdisk_jclouds\cloud_disk\src\test\resources
2016-07-02 12:15:29,977 [Worker-2] WARN  o.e.m.c.i.embedder.EclipseLogger - Using platform encoding (GBK actually) to copy filtered resources, i.e. build is platform dependent!
2016-07-02 12:15:29,977 [Worker-2] INFO  o.e.m.c.i.embedder.EclipseLogger - skip non existing resourceDirectory E:\swiftdisk\swiftdisk_jclouds\cloud_disk\src\main\resources
2016-07-02 12:15:29,977 [Worker-2] WARN  o.e.m.c.i.embedder.EclipseLogger - Using platform encoding (GBK actually) to copy filtered resources, i.e. build is platform dependent!
2016-07-02 12:15:29,977 [Worker-2] INFO  o.e.m.c.i.embedder.EclipseLogger - skip non existing resourceDirectory E:\swiftdisk\swiftdisk_jclouds\cloud_disk\src\test\resources
2016-07-02 12:16:05,540 [Worker-8] WARN  o.e.m.c.i.embedder.EclipseLogger - Using platform encoding (GBK actually) to copy filtered resources, i.e. build is platform dependent!
2016-07-02 12:16:05,541 [Worker-8] INFO  o.e.m.c.i.embedder.EclipseLogger - skip non existing resourceDirectory E:\swiftdisk\swiftdisk_jclouds\cloud_disk\src\main\resources
2016-07-02 12:16:05,542 [Worker-8] WARN  o.e.m.c.i.embedder.EclipseLogger - Using platform encoding (GBK actually) to copy filtered resources, i.e. build is platform dependent!
2016-07-02 12:16:05,543 [Worker-8] INFO  o.e.m.c.i.embedder.EclipseLogger - skip non existing resourceDirectory E:\swiftdisk\swiftdisk_jclouds\cloud_disk\src\test\resources
2016-07-02 12:17:08,992 [Worker-13] WARN  o.e.m.c.i.embedder.EclipseLogger - Using platform encoding (GBK actually) to copy filtered resources, i.e. build is platform dependent!
2016-07-02 12:17:08,992 [Worker-13] INFO  o.e.m.c.i.embedder.EclipseLogger - skip non existing resourceDirectory E:\swiftdisk\swiftdisk_jclouds\cloud_disk\src\main\resources
2016-07-02 12:17:08,992 [Worker-13] WARN  o.e.m.c.i.embedder.EclipseLogger - Using platform encoding (GBK actually) to copy filtered resources, i.e. build is platform dependent!
2016-07-02 12:17:08,992 [Worker-13] INFO  o.e.m.c.i.embedder.EclipseLogger - skip non existing resourceDirectory E:\swiftdisk\swiftdisk_jclouds\cloud_disk\src\test\resources
2016-07-02 12:17:29,240 [Worker-10] WARN  o.e.m.c.i.embedder.EclipseLogger - Using platform encoding (GBK actually) to copy filtered resources, i.e. build is platform dependent!
2016-07-02 12:17:29,250 [Worker-10] INFO  o.e.m.c.i.embedder.EclipseLogger - skip non existing resourceDirectory E:\swiftdisk\swiftdisk_jclouds\cloud_disk\src\main\resources
2016-07-02 12:17:29,252 [Worker-10] WARN  o.e.m.c.i.embedder.EclipseLogger - Using platform encoding (GBK actually) to copy filtered resources, i.e. build is platform dependent!
2016-07-02 12:17:29,253 [Worker-10] INFO  o.e.m.c.i.embedder.EclipseLogger - skip non existing resourceDirectory E:\swiftdisk\swiftdisk_jclouds\cloud_disk\src\test\resources
2016-07-02 12:17:48,300 [Worker-13] WARN  o.e.m.c.i.embedder.EclipseLogger - Using platform encoding (GBK actually) to copy filtered resources, i.e. build is platform dependent!
2016-07-02 12:17:48,301 [Worker-13] INFO  o.e.m.c.i.embedder.EclipseLogger - skip non existing resourceDirectory E:\swiftdisk\swiftdisk_jclouds\cloud_disk\src\main\resources
2016-07-02 12:17:48,303 [Worker-13] WARN  o.e.m.c.i.embedder.EclipseLogger - Using platform encoding (GBK actually) to copy filtered resources, i.e. build is platform dependent!
2016-07-02 12:17:48,304 [Worker-13] INFO  o.e.m.c.i.embedder.EclipseLogger - skip non existing resourceDirectory E:\swiftdisk\swiftdisk_jclouds\cloud_disk\src\test\resources
2016-07-02 12:18:26,171 [Worker-10] WARN  o.e.m.c.i.embedder.EclipseLogger - Using platform encoding (GBK actually) to copy filtered resources, i.e. build is platform dependent!
2016-07-02 12:18:26,171 [Worker-10] INFO  o.e.m.c.i.embedder.EclipseLogger - skip non existing resourceDirectory E:\swiftdisk\swiftdisk_jclouds\cloud_disk\src\main\resources
2016-07-02 12:18:26,191 [Worker-10] WARN  o.e.m.c.i.embedder.EclipseLogger - Using platform encoding (GBK actually) to copy filtered resources, i.e. build is platform dependent!
2016-07-02 12:18:26,191 [Worker-10] INFO  o.e.m.c.i.embedder.EclipseLogger - skip non existing resourceDirectory E:\swiftdisk\swiftdisk_jclouds\cloud_disk\src\test\resources
2016-07-02 12:19:17,586 [Worker-3] WARN  o.e.m.c.i.embedder.EclipseLogger - Using platform encoding (GBK actually) to copy filtered resources, i.e. build is platform dependent!
2016-07-02 12:19:17,590 [Worker-3] INFO  o.e.m.c.i.embedder.EclipseLogger - skip non existing resourceDirectory E:\swiftdisk\swiftdisk_jclouds\cloud_disk\src\main\resources
2016-07-02 12:19:17,592 [Worker-3] WARN  o.e.m.c.i.embedder.EclipseLogger - Using platform encoding (GBK actually) to copy filtered resources, i.e. build is platform dependent!
2016-07-02 12:19:17,594 [Worker-3] INFO  o.e.m.c.i.embedder.EclipseLogger - skip non existing resourceDirectory E:\swiftdisk\swiftdisk_jclouds\cloud_disk\src\test\resources
2016-07-02 12:19:32,782 [Worker-7] WARN  o.e.m.c.i.embedder.EclipseLogger - Using platform encoding (GBK actually) to copy filtered resources, i.e. build is platform dependent!
2016-07-02 12:19:32,783 [Worker-7] INFO  o.e.m.c.i.embedder.EclipseLogger - skip non existing resourceDirectory E:\swiftdisk\swiftdisk_jclouds\cloud_disk\src\main\resources
2016-07-02 12:19:32,784 [Worker-7] WARN  o.e.m.c.i.embedder.EclipseLogger - Using platform encoding (GBK actually) to copy filtered resources, i.e. build is platform dependent!
2016-07-02 12:19:32,785 [Worker-7] INFO  o.e.m.c.i.embedder.EclipseLogger - skip non existing resourceDirectory E:\swiftdisk\swiftdisk_jclouds\cloud_disk\src\test\resources
2016-07-02 12:20:21,736 [Worker-7] WARN  o.e.m.c.i.embedder.EclipseLogger - Using platform encoding (GBK actually) to copy filtered resources, i.e. build is platform dependent!
2016-07-02 12:20:21,738 [Worker-7] INFO  o.e.m.c.i.embedder.EclipseLogger - skip non existing resourceDirectory E:\swiftdisk\swiftdisk_jclouds\cloud_disk\src\main\resources
2016-07-02 12:20:21,741 [Worker-7] WARN  o.e.m.c.i.embedder.EclipseLogger - Using platform encoding (GBK actually) to copy filtered resources, i.e. build is platform dependent!
2016-07-02 12:20:21,742 [Worker-7] INFO  o.e.m.c.i.embedder.EclipseLogger - skip non existing resourceDirectory E:\swiftdisk\swiftdisk_jclouds\cloud_disk\src\test\resources
2016-07-02 12:21:30,051 [Worker-8] WARN  o.e.m.c.i.embedder.EclipseLogger - Using platform encoding (GBK actually) to copy filtered resources, i.e. build is platform dependent!
2016-07-02 12:21:30,052 [Worker-8] INFO  o.e.m.c.i.embedder.EclipseLogger - skip non existing resourceDirectory E:\swiftdisk\swiftdisk_jclouds\cloud_disk\src\main\resources
2016-07-02 12:21:30,054 [Worker-8] WARN  o.e.m.c.i.embedder.EclipseLogger - Using platform encoding (GBK actually) to copy filtered resources, i.e. build is platform dependent!
2016-07-02 12:21:30,065 [Worker-8] INFO  o.e.m.c.i.embedder.EclipseLogger - skip non existing resourceDirectory E:\swiftdisk\swiftdisk_jclouds\cloud_disk\src\test\resources
2016-07-02 12:21:46,663 [Worker-13] WARN  o.e.m.c.i.embedder.EclipseLogger - Using platform encoding (GBK actually) to copy filtered resources, i.e. build is platform dependent!
2016-07-02 12:21:46,664 [Worker-13] INFO  o.e.m.c.i.embedder.EclipseLogger - skip non existing resourceDirectory E:\swiftdisk\swiftdisk_jclouds\cloud_disk\src\main\resources
2016-07-02 12:21:46,666 [Worker-13] WARN  o.e.m.c.i.embedder.EclipseLogger - Using platform encoding (GBK actually) to copy filtered resources, i.e. build is platform dependent!
2016-07-02 12:21:46,668 [Worker-13] INFO  o.e.m.c.i.embedder.EclipseLogger - skip non existing resourceDirectory E:\swiftdisk\swiftdisk_jclouds\cloud_disk\src\test\resources
2016-07-02 12:23:10,745 [Worker-12] WARN  o.e.m.c.i.embedder.EclipseLogger - Using platform encoding (GBK actually) to copy filtered resources, i.e. build is platform dependent!
2016-07-02 12:23:10,747 [Worker-12] INFO  o.e.m.c.i.embedder.EclipseLogger - skip non existing resourceDirectory E:\swiftdisk\swiftdisk_jclouds\cloud_disk\src\main\resources
2016-07-02 12:23:10,748 [Worker-12] WARN  o.e.m.c.i.embedder.EclipseLogger - Using platform encoding (GBK actually) to copy filtered resources, i.e. build is platform dependent!
2016-07-02 12:23:10,749 [Worker-12] INFO  o.e.m.c.i.embedder.EclipseLogger - skip non existing resourceDirectory E:\swiftdisk\swiftdisk_jclouds\cloud_disk\src\test\resources
2016-07-02 12:23:24,325 [Worker-4] WARN  o.e.m.c.i.embedder.EclipseLogger - Using platform encoding (GBK actually) to copy filtered resources, i.e. build is platform dependent!
2016-07-02 12:23:24,327 [Worker-4] INFO  o.e.m.c.i.embedder.EclipseLogger - skip non existing resourceDirectory E:\swiftdisk\swiftdisk_jclouds\cloud_disk\src\main\resources
2016-07-02 12:23:24,331 [Worker-4] WARN  o.e.m.c.i.embedder.EclipseLogger - Using platform encoding (GBK actually) to copy filtered resources, i.e. build is platform dependent!
2016-07-02 12:23:24,332 [Worker-4] INFO  o.e.m.c.i.embedder.EclipseLogger - skip non existing resourceDirectory E:\swiftdisk\swiftdisk_jclouds\cloud_disk\src\test\resources
2016-07-02 12:23:39,638 [Worker-12] WARN  o.e.m.c.i.embedder.EclipseLogger - Using platform encoding (GBK actually) to copy filtered resources, i.e. build is platform dependent!
2016-07-02 12:23:39,639 [Worker-12] INFO  o.e.m.c.i.embedder.EclipseLogger - skip non existing resourceDirectory E:\swiftdisk\swiftdisk_jclouds\cloud_disk\src\main\resources
2016-07-02 12:23:39,640 [Worker-12] WARN  o.e.m.c.i.embedder.EclipseLogger - Using platform encoding (GBK actually) to copy filtered resources, i.e. build is platform dependent!
2016-07-02 12:23:39,641 [Worker-12] INFO  o.e.m.c.i.embedder.EclipseLogger - skip non existing resourceDirectory E:\swiftdisk\swiftdisk_jclouds\cloud_disk\src\test\resources
2016-07-02 12:23:50,806 [Worker-12] WARN  o.e.m.c.i.embedder.EclipseLogger - Using platform encoding (GBK actually) to copy filtered resources, i.e. build is platform dependent!
2016-07-02 12:23:50,807 [Worker-12] INFO  o.e.m.c.i.embedder.EclipseLogger - skip non existing resourceDirectory E:\swiftdisk\swiftdisk_jclouds\cloud_disk\src\main\resources
2016-07-02 12:23:50,809 [Worker-12] WARN  o.e.m.c.i.embedder.EclipseLogger - Using platform encoding (GBK actually) to copy filtered resources, i.e. build is platform dependent!
2016-07-02 12:23:50,812 [Worker-12] INFO  o.e.m.c.i.embedder.EclipseLogger - skip non existing resourceDirectory E:\swiftdisk\swiftdisk_jclouds\cloud_disk\src\test\resources
2016-07-02 12:24:11,867 [Worker-8] WARN  o.e.m.c.i.embedder.EclipseLogger - Using platform encoding (GBK actually) to copy filtered resources, i.e. build is platform dependent!
2016-07-02 12:24:11,868 [Worker-8] INFO  o.e.m.c.i.embedder.EclipseLogger - skip non existing resourceDirectory E:\swiftdisk\swiftdisk_jclouds\cloud_disk\src\main\resources
2016-07-02 12:24:11,870 [Worker-8] WARN  o.e.m.c.i.embedder.EclipseLogger - Using platform encoding (GBK actually) to copy filtered resources, i.e. build is platform dependent!
2016-07-02 12:24:11,881 [Worker-8] INFO  o.e.m.c.i.embedder.EclipseLogger - skip non existing resourceDirectory E:\swiftdisk\swiftdisk_jclouds\cloud_disk\src\test\resources
2016-07-02 12:24:34,829 [Worker-10] WARN  o.e.m.c.i.embedder.EclipseLogger - Using platform encoding (GBK actually) to copy filtered resources, i.e. build is platform dependent!
2016-07-02 12:24:34,830 [Worker-10] INFO  o.e.m.c.i.embedder.EclipseLogger - skip non existing resourceDirectory E:\swiftdisk\swiftdisk_jclouds\cloud_disk\src\main\resources
2016-07-02 12:24:34,832 [Worker-10] WARN  o.e.m.c.i.embedder.EclipseLogger - Using platform encoding (GBK actually) to copy filtered resources, i.e. build is platform dependent!
2016-07-02 12:24:34,833 [Worker-10] INFO  o.e.m.c.i.embedder.EclipseLogger - skip non existing resourceDirectory E:\swiftdisk\swiftdisk_jclouds\cloud_disk\src\test\resources
2016-07-02 12:24:49,764 [Worker-2] WARN  o.e.m.c.i.embedder.EclipseLogger - Using platform encoding (GBK actually) to copy filtered resources, i.e. build is platform dependent!
2016-07-02 12:24:49,765 [Worker-2] INFO  o.e.m.c.i.embedder.EclipseLogger - skip non existing resourceDirectory E:\swiftdisk\swiftdisk_jclouds\cloud_disk\src\main\resources
2016-07-02 12:24:49,766 [Worker-2] WARN  o.e.m.c.i.embedder.EclipseLogger - Using platform encoding (GBK actually) to copy filtered resources, i.e. build is platform dependent!
2016-07-02 12:24:49,767 [Worker-2] INFO  o.e.m.c.i.embedder.EclipseLogger - skip non existing resourceDirectory E:\swiftdisk\swiftdisk_jclouds\cloud_disk\src\test\resources
2016-07-02 12:25:17,522 [Worker-13] WARN  o.e.m.c.i.embedder.EclipseLogger - Using platform encoding (GBK actually) to copy filtered resources, i.e. build is platform dependent!
2016-07-02 12:25:17,523 [Worker-13] INFO  o.e.m.c.i.embedder.EclipseLogger - skip non existing resourceDirectory E:\swiftdisk\swiftdisk_jclouds\cloud_disk\src\main\resources
2016-07-02 12:25:17,525 [Worker-13] WARN  o.e.m.c.i.embedder.EclipseLogger - Using platform encoding (GBK actually) to copy filtered resources, i.e. build is platform dependent!
2016-07-02 12:25:17,526 [Worker-13] INFO  o.e.m.c.i.embedder.EclipseLogger - skip non existing resourceDirectory E:\swiftdisk\swiftdisk_jclouds\cloud_disk\src\test\resources
2016-07-02 12:25:37,149 [Worker-3] WARN  o.e.m.c.i.embedder.EclipseLogger - Using platform encoding (GBK actually) to copy filtered resources, i.e. build is platform dependent!
2016-07-02 12:25:37,153 [Worker-3] INFO  o.e.m.c.i.embedder.EclipseLogger - skip non existing resourceDirectory E:\swiftdisk\swiftdisk_jclouds\cloud_disk\src\main\resources
2016-07-02 12:25:37,155 [Worker-3] WARN  o.e.m.c.i.embedder.EclipseLogger - Using platform encoding (GBK actually) to copy filtered resources, i.e. build is platform dependent!
2016-07-02 12:25:37,158 [Worker-3] INFO  o.e.m.c.i.embedder.EclipseLogger - skip non existing resourceDirectory E:\swiftdisk\swiftdisk_jclouds\cloud_disk\src\test\resources
2016-07-02 12:25:49,948 [Worker-7] WARN  o.e.m.c.i.embedder.EclipseLogger - Using platform encoding (GBK actually) to copy filtered resources, i.e. build is platform dependent!
2016-07-02 12:25:49,949 [Worker-7] INFO  o.e.m.c.i.embedder.EclipseLogger - skip non existing resourceDirectory E:\swiftdisk\swiftdisk_jclouds\cloud_disk\src\main\resources
2016-07-02 12:25:49,951 [Worker-7] WARN  o.e.m.c.i.embedder.EclipseLogger - Using platform encoding (GBK actually) to copy filtered resources, i.e. build is platform dependent!
2016-07-02 12:25:49,952 [Worker-7] INFO  o.e.m.c.i.embedder.EclipseLogger - skip non existing resourceDirectory E:\swiftdisk\swiftdisk_jclouds\cloud_disk\src\test\resources
2016-07-02 12:25:58,094 [Worker-12] WARN  o.e.m.c.i.embedder.EclipseLogger - Using platform encoding (GBK actually) to copy filtered resources, i.e. build is platform dependent!
2016-07-02 12:25:58,095 [Worker-12] INFO  o.e.m.c.i.embedder.EclipseLogger - skip non existing resourceDirectory E:\swiftdisk\swiftdisk_jclouds\cloud_disk\src\main\resources
2016-07-02 12:25:58,096 [Worker-12] WARN  o.e.m.c.i.embedder.EclipseLogger - Using platform encoding (GBK actually) to copy filtered resources, i.e. build is platform dependent!
2016-07-02 12:25:58,097 [Worker-12] INFO  o.e.m.c.i.embedder.EclipseLogger - skip non existing resourceDirectory E:\swiftdisk\swiftdisk_jclouds\cloud_disk\src\test\resources
2016-07-02 12:26:05,083 [Worker-12] WARN  o.e.m.c.i.embedder.EclipseLogger - Using platform encoding (GBK actually) to copy filtered resources, i.e. build is platform dependent!
2016-07-02 12:26:05,084 [Worker-12] INFO  o.e.m.c.i.embedder.EclipseLogger - skip non existing resourceDirectory E:\swiftdisk\swiftdisk_jclouds\cloud_disk\src\main\resources
2016-07-02 12:26:05,090 [Worker-12] WARN  o.e.m.c.i.embedder.EclipseLogger - Using platform encoding (GBK actually) to copy filtered resources, i.e. build is platform dependent!
2016-07-02 12:26:05,097 [Worker-12] INFO  o.e.m.c.i.embedder.EclipseLogger - skip non existing resourceDirectory E:\swiftdisk\swiftdisk_jclouds\cloud_disk\src\test\resources
2016-07-02 12:26:51,648 [Worker-2] WARN  o.e.m.c.i.embedder.EclipseLogger - Using platform encoding (GBK actually) to copy filtered resources, i.e. build is platform dependent!
2016-07-02 12:26:51,649 [Worker-2] INFO  o.e.m.c.i.embedder.EclipseLogger - skip non existing resourceDirectory E:\swiftdisk\swiftdisk_jclouds\cloud_disk\src\main\resources
2016-07-02 12:26:51,652 [Worker-2] WARN  o.e.m.c.i.embedder.EclipseLogger - Using platform encoding (GBK actually) to copy filtered resources, i.e. build is platform dependent!
2016-07-02 12:26:51,653 [Worker-2] INFO  o.e.m.c.i.embedder.EclipseLogger - skip non existing resourceDirectory E:\swiftdisk\swiftdisk_jclouds\cloud_disk\src\test\resources
2016-07-02 12:27:07,142 [Worker-8] WARN  o.e.m.c.i.embedder.EclipseLogger - Using platform encoding (GBK actually) to copy filtered resources, i.e. build is platform dependent!
2016-07-02 12:27:07,142 [Worker-8] INFO  o.e.m.c.i.embedder.EclipseLogger - skip non existing resourceDirectory E:\swiftdisk\swiftdisk_jclouds\cloud_disk\src\main\resources
2016-07-02 12:27:07,143 [Worker-8] WARN  o.e.m.c.i.embedder.EclipseLogger - Using platform encoding (GBK actually) to copy filtered resources, i.e. build is platform dependent!
2016-07-02 12:27:07,144 [Worker-8] INFO  o.e.m.c.i.embedder.EclipseLogger - skip non existing resourceDirectory E:\swiftdisk\swiftdisk_jclouds\cloud_disk\src\test\resources
2016-07-02 12:27:23,380 [Worker-12] WARN  o.e.m.c.i.embedder.EclipseLogger - Using platform encoding (GBK actually) to copy filtered resources, i.e. build is platform dependent!
2016-07-02 12:27:23,396 [Worker-12] INFO  o.e.m.c.i.embedder.EclipseLogger - skip non existing resourceDirectory E:\swiftdisk\swiftdisk_jclouds\cloud_disk\src\main\resources
2016-07-02 12:27:23,398 [Worker-12] WARN  o.e.m.c.i.embedder.EclipseLogger - Using platform encoding (GBK actually) to copy filtered resources, i.e. build is platform dependent!
2016-07-02 12:27:23,398 [Worker-12] INFO  o.e.m.c.i.embedder.EclipseLogger - skip non existing resourceDirectory E:\swiftdisk\swiftdisk_jclouds\cloud_disk\src\test\resources
2016-07-02 12:27:40,876 [Worker-8] WARN  o.e.m.c.i.embedder.EclipseLogger - Using platform encoding (GBK actually) to copy filtered resources, i.e. build is platform dependent!
2016-07-02 12:27:40,876 [Worker-8] INFO  o.e.m.c.i.embedder.EclipseLogger - skip non existing resourceDirectory E:\swiftdisk\swiftdisk_jclouds\cloud_disk\src\main\resources
2016-07-02 12:27:40,876 [Worker-8] WARN  o.e.m.c.i.embedder.EclipseLogger - Using platform encoding (GBK actually) to copy filtered resources, i.e. build is platform dependent!
2016-07-02 12:27:40,876 [Worker-8] INFO  o.e.m.c.i.embedder.EclipseLogger - skip non existing resourceDirectory E:\swiftdisk\swiftdisk_jclouds\cloud_disk\src\test\resources
2016-07-02 12:28:10,298 [Worker-4] WARN  o.e.m.c.i.embedder.EclipseLogger - Using platform encoding (GBK actually) to copy filtered resources, i.e. build is platform dependent!
2016-07-02 12:28:10,300 [Worker-4] INFO  o.e.m.c.i.embedder.EclipseLogger - skip non existing resourceDirectory E:\swiftdisk\swiftdisk_jclouds\cloud_disk\src\main\resources
2016-07-02 12:28:10,301 [Worker-4] WARN  o.e.m.c.i.embedder.EclipseLogger - Using platform encoding (GBK actually) to copy filtered resources, i.e. build is platform dependent!
2016-07-02 12:28:10,302 [Worker-4] INFO  o.e.m.c.i.embedder.EclipseLogger - skip non existing resourceDirectory E:\swiftdisk\swiftdisk_jclouds\cloud_disk\src\test\resources
2016-07-02 12:28:41,232 [Worker-12] WARN  o.e.m.c.i.embedder.EclipseLogger - Using platform encoding (GBK actually) to copy filtered resources, i.e. build is platform dependent!
2016-07-02 12:28:41,234 [Worker-12] INFO  o.e.m.c.i.embedder.EclipseLogger - skip non existing resourceDirectory E:\swiftdisk\swiftdisk_jclouds\cloud_disk\src\main\resources
2016-07-02 12:28:41,236 [Worker-12] WARN  o.e.m.c.i.embedder.EclipseLogger - Using platform encoding (GBK actually) to copy filtered resources, i.e. build is platform dependent!
2016-07-02 12:28:41,237 [Worker-12] INFO  o.e.m.c.i.embedder.EclipseLogger - skip non existing resourceDirectory E:\swiftdisk\swiftdisk_jclouds\cloud_disk\src\test\resources
2016-07-02 12:28:54,721 [Worker-7] WARN  o.e.m.c.i.embedder.EclipseLogger - Using platform encoding (GBK actually) to copy filtered resources, i.e. build is platform dependent!
2016-07-02 12:28:54,721 [Worker-7] INFO  o.e.m.c.i.embedder.EclipseLogger - skip non existing resourceDirectory E:\swiftdisk\swiftdisk_jclouds\cloud_disk\src\main\resources
2016-07-02 12:28:54,721 [Worker-7] WARN  o.e.m.c.i.embedder.EclipseLogger - Using platform encoding (GBK actually) to copy filtered resources, i.e. build is platform dependent!
2016-07-02 12:28:54,736 [Worker-7] INFO  o.e.m.c.i.embedder.EclipseLogger - skip non existing resourceDirectory E:\swiftdisk\swiftdisk_jclouds\cloud_disk\src\test\resources
2016-07-02 14:44:41,847 [Worker-17] WARN  o.e.m.c.i.embedder.EclipseLogger - Using platform encoding (GBK actually) to copy filtered resources, i.e. build is platform dependent!
2016-07-02 14:44:41,848 [Worker-17] INFO  o.e.m.c.i.embedder.EclipseLogger - skip non existing resourceDirectory E:\swiftdisk\swiftdisk_jclouds\cloud_disk\src\main\resources
2016-07-02 14:44:41,850 [Worker-17] WARN  o.e.m.c.i.embedder.EclipseLogger - Using platform encoding (GBK actually) to copy filtered resources, i.e. build is platform dependent!
2016-07-02 14:44:41,850 [Worker-17] INFO  o.e.m.c.i.embedder.EclipseLogger - skip non existing resourceDirectory E:\swiftdisk\swiftdisk_jclouds\cloud_disk\src\test\resources
2016-07-02 14:45:59,357 [Worker-28] WARN  o.e.m.c.i.embedder.EclipseLogger - Using platform encoding (GBK actually) to copy filtered resources, i.e. build is platform dependent!
2016-07-02 14:45:59,358 [Worker-28] INFO  o.e.m.c.i.embedder.EclipseLogger - skip non existing resourceDirectory E:\swiftdisk\swiftdisk_jclouds\cloud_disk\src\main\resources
2016-07-02 14:45:59,359 [Worker-28] WARN  o.e.m.c.i.embedder.EclipseLogger - Using platform encoding (GBK actually) to copy filtered resources, i.e. build is platform dependent!
2016-07-02 14:45:59,360 [Worker-28] INFO  o.e.m.c.i.embedder.EclipseLogger - skip non existing resourceDirectory E:\swiftdisk\swiftdisk_jclouds\cloud_disk\src\test\resources
2016-07-02 14:48:40,466 [Worker-31] WARN  o.e.m.c.i.embedder.EclipseLogger - Using platform encoding (GBK actually) to copy filtered resources, i.e. build is platform dependent!
2016-07-02 14:48:40,467 [Worker-31] INFO  o.e.m.c.i.embedder.EclipseLogger - skip non existing resourceDirectory E:\swiftdisk\swiftdisk_jclouds\cloud_disk\src\main\resources
2016-07-02 14:48:40,469 [Worker-31] WARN  o.e.m.c.i.embedder.EclipseLogger - Using platform encoding (GBK actually) to copy filtered resources, i.e. build is platform dependent!
2016-07-02 14:48:40,470 [Worker-31] INFO  o.e.m.c.i.embedder.EclipseLogger - skip non existing resourceDirectory E:\swiftdisk\swiftdisk_jclouds\cloud_disk\src\test\resources
2016-07-02 14:49:04,352 [Worker-25] WARN  o.e.m.c.i.embedder.EclipseLogger - Using platform encoding (GBK actually) to copy filtered resources, i.e. build is platform dependent!
2016-07-02 14:49:04,353 [Worker-25] INFO  o.e.m.c.i.embedder.EclipseLogger - skip non existing resourceDirectory E:\swiftdisk\swiftdisk_jclouds\cloud_disk\src\main\resources
2016-07-02 14:49:04,354 [Worker-25] WARN  o.e.m.c.i.embedder.EclipseLogger - Using platform encoding (GBK actually) to copy filtered resources, i.e. build is platform dependent!
2016-07-02 14:49:04,355 [Worker-25] INFO  o.e.m.c.i.embedder.EclipseLogger - skip non existing resourceDirectory E:\swiftdisk\swiftdisk_jclouds\cloud_disk\src\test\resources
2016-07-02 14:49:26,140 [Worker-32] WARN  o.e.m.c.i.embedder.EclipseLogger - Using platform encoding (GBK actually) to copy filtered resources, i.e. build is platform dependent!
2016-07-02 14:49:26,141 [Worker-32] INFO  o.e.m.c.i.embedder.EclipseLogger - skip non existing resourceDirectory E:\swiftdisk\swiftdisk_jclouds\cloud_disk\src\main\resources
2016-07-02 14:49:26,144 [Worker-32] WARN  o.e.m.c.i.embedder.EclipseLogger - Using platform encoding (GBK actually) to copy filtered resources, i.e. build is platform dependent!
2016-07-02 14:49:26,145 [Worker-32] INFO  o.e.m.c.i.embedder.EclipseLogger - skip non existing resourceDirectory E:\swiftdisk\swiftdisk_jclouds\cloud_disk\src\test\resources
2016-07-02 14:49:29,236 [Worker-31] WARN  o.e.m.c.i.embedder.EclipseLogger - Using platform encoding (GBK actually) to copy filtered resources, i.e. build is platform dependent!
2016-07-02 14:49:29,237 [Worker-31] INFO  o.e.m.c.i.embedder.EclipseLogger - skip non existing resourceDirectory E:\swiftdisk\swiftdisk_jclouds\cloud_disk\src\main\resources
2016-07-02 14:49:29,243 [Worker-31] WARN  o.e.m.c.i.embedder.EclipseLogger - Using platform encoding (GBK actually) to copy filtered resources, i.e. build is platform dependent!
2016-07-02 14:49:29,243 [Worker-31] INFO  o.e.m.c.i.embedder.EclipseLogger - skip non existing resourceDirectory E:\swiftdisk\swiftdisk_jclouds\cloud_disk\src\test\resources
2016-07-02 14:53:04,714 [Worker-17] WARN  o.e.m.c.i.embedder.EclipseLogger - Using platform encoding (GBK actually) to copy filtered resources, i.e. build is platform dependent!
2016-07-02 14:53:04,715 [Worker-17] INFO  o.e.m.c.i.embedder.EclipseLogger - skip non existing resourceDirectory E:\swiftdisk\swiftdisk_jclouds\cloud_disk\src\main\resources
2016-07-02 14:53:04,715 [Worker-17] WARN  o.e.m.c.i.embedder.EclipseLogger - Using platform encoding (GBK actually) to copy filtered resources, i.e. build is platform dependent!
2016-07-02 14:53:04,715 [Worker-17] INFO  o.e.m.c.i.embedder.EclipseLogger - skip non existing resourceDirectory E:\swiftdisk\swiftdisk_jclouds\cloud_disk\src\test\resources
2016-07-02 14:57:01,812 [Worker-18] WARN  o.e.m.c.i.embedder.EclipseLogger - Using platform encoding (GBK actually) to copy filtered resources, i.e. build is platform dependent!
2016-07-02 14:57:01,813 [Worker-18] INFO  o.e.m.c.i.embedder.EclipseLogger - skip non existing resourceDirectory E:\swiftdisk\swiftdisk_jclouds\cloud_disk\src\main\resources
2016-07-02 14:57:01,815 [Worker-18] WARN  o.e.m.c.i.embedder.EclipseLogger - Using platform encoding (GBK actually) to copy filtered resources, i.e. build is platform dependent!
2016-07-02 14:57:01,816 [Worker-18] INFO  o.e.m.c.i.embedder.EclipseLogger - skip non existing resourceDirectory E:\swiftdisk\swiftdisk_jclouds\cloud_disk\src\test\resources
2016-07-02 14:57:34,043 [Worker-18] WARN  o.e.m.c.i.embedder.EclipseLogger - Using platform encoding (GBK actually) to copy filtered resources, i.e. build is platform dependent!
2016-07-02 14:57:34,044 [Worker-18] INFO  o.e.m.c.i.embedder.EclipseLogger - skip non existing resourceDirectory E:\swiftdisk\swiftdisk_jclouds\cloud_disk\src\main\resources
2016-07-02 14:57:34,045 [Worker-18] WARN  o.e.m.c.i.embedder.EclipseLogger - Using platform encoding (GBK actually) to copy filtered resources, i.e. build is platform dependent!
2016-07-02 14:57:34,046 [Worker-18] INFO  o.e.m.c.i.embedder.EclipseLogger - skip non existing resourceDirectory E:\swiftdisk\swiftdisk_jclouds\cloud_disk\src\test\resources
2016-07-02 14:57:54,312 [Worker-31] WARN  o.e.m.c.i.embedder.EclipseLogger - Using platform encoding (GBK actually) to copy filtered resources, i.e. build is platform dependent!
2016-07-02 14:57:54,313 [Worker-31] INFO  o.e.m.c.i.embedder.EclipseLogger - skip non existing resourceDirectory E:\swiftdisk\swiftdisk_jclouds\cloud_disk\src\main\resources
2016-07-02 14:57:54,314 [Worker-31] WARN  o.e.m.c.i.embedder.EclipseLogger - Using platform encoding (GBK actually) to copy filtered resources, i.e. build is platform dependent!
2016-07-02 14:57:54,315 [Worker-31] INFO  o.e.m.c.i.embedder.EclipseLogger - skip non existing resourceDirectory E:\swiftdisk\swiftdisk_jclouds\cloud_disk\src\test\resources
2016-07-02 14:58:16,664 [Worker-18] WARN  o.e.m.c.i.embedder.EclipseLogger - Using platform encoding (GBK actually) to copy filtered resources, i.e. build is platform dependent!
2016-07-02 14:58:16,665 [Worker-18] INFO  o.e.m.c.i.embedder.EclipseLogger - skip non existing resourceDirectory E:\swiftdisk\swiftdisk_jclouds\cloud_disk\src\main\resources
2016-07-02 14:58:16,666 [Worker-18] WARN  o.e.m.c.i.embedder.EclipseLogger - Using platform encoding (GBK actually) to copy filtered resources, i.e. build is platform dependent!
2016-07-02 14:58:16,669 [Worker-18] INFO  o.e.m.c.i.embedder.EclipseLogger - skip non existing resourceDirectory E:\swiftdisk\swiftdisk_jclouds\cloud_disk\src\test\resources
2016-07-02 14:58:34,337 [Worker-31] WARN  o.e.m.c.i.embedder.EclipseLogger - Using platform encoding (GBK actually) to copy filtered resources, i.e. build is platform dependent!
2016-07-02 14:58:34,338 [Worker-31] INFO  o.e.m.c.i.embedder.EclipseLogger - skip non existing resourceDirectory E:\swiftdisk\swiftdisk_jclouds\cloud_disk\src\main\resources
2016-07-02 14:58:34,339 [Worker-31] WARN  o.e.m.c.i.embedder.EclipseLogger - Using platform encoding (GBK actually) to copy filtered resources, i.e. build is platform dependent!
2016-07-02 14:58:34,340 [Worker-31] INFO  o.e.m.c.i.embedder.EclipseLogger - skip non existing resourceDirectory E:\swiftdisk\swiftdisk_jclouds\cloud_disk\src\test\resources
2016-07-02 14:58:54,465 [Worker-27] WARN  o.e.m.c.i.embedder.EclipseLogger - Using platform encoding (GBK actually) to copy filtered resources, i.e. build is platform dependent!
2016-07-02 14:58:54,466 [Worker-27] INFO  o.e.m.c.i.embedder.EclipseLogger - skip non existing resourceDirectory E:\swiftdisk\swiftdisk_jclouds\cloud_disk\src\main\resources
2016-07-02 14:58:54,467 [Worker-27] WARN  o.e.m.c.i.embedder.EclipseLogger - Using platform encoding (GBK actually) to copy filtered resources, i.e. build is platform dependent!
2016-07-02 14:58:54,467 [Worker-27] INFO  o.e.m.c.i.embedder.EclipseLogger - skip non existing resourceDirectory E:\swiftdisk\swiftdisk_jclouds\cloud_disk\src\test\resources
2016-07-02 14:59:05,884 [Worker-35] WARN  o.e.m.c.i.embedder.EclipseLogger - Using platform encoding (GBK actually) to copy filtered resources, i.e. build is platform dependent!
2016-07-02 14:59:05,885 [Worker-35] INFO  o.e.m.c.i.embedder.EclipseLogger - skip non existing resourceDirectory E:\swiftdisk\swiftdisk_jclouds\cloud_disk\src\main\resources
2016-07-02 14:59:05,886 [Worker-35] WARN  o.e.m.c.i.embedder.EclipseLogger - Using platform encoding (GBK actually) to copy filtered resources, i.e. build is platform dependent!
2016-07-02 14:59:05,887 [Worker-35] INFO  o.e.m.c.i.embedder.EclipseLogger - skip non existing resourceDirectory E:\swiftdisk\swiftdisk_jclouds\cloud_disk\src\test\resources
2016-07-02 15:00:02,546 [Worker-17] WARN  o.e.m.c.i.embedder.EclipseLogger - Using platform encoding (GBK actually) to copy filtered resources, i.e. build is platform dependent!
2016-07-02 15:00:02,546 [Worker-17] INFO  o.e.m.c.i.embedder.EclipseLogger - skip non existing resourceDirectory E:\swiftdisk\swiftdisk_jclouds\cloud_disk\src\main\resources
2016-07-02 15:00:02,550 [Worker-17] WARN  o.e.m.c.i.embedder.EclipseLogger - Using platform encoding (GBK actually) to copy filtered resources, i.e. build is platform dependent!
2016-07-02 15:00:02,551 [Worker-17] INFO  o.e.m.c.i.embedder.EclipseLogger - skip non existing resourceDirectory E:\swiftdisk\swiftdisk_jclouds\cloud_disk\src\test\resources
2016-07-02 15:00:49,508 [Worker-18] WARN  o.e.m.c.i.embedder.EclipseLogger - Using platform encoding (GBK actually) to copy filtered resources, i.e. build is platform dependent!
2016-07-02 15:00:49,509 [Worker-18] INFO  o.e.m.c.i.embedder.EclipseLogger - skip non existing resourceDirectory E:\swiftdisk\swiftdisk_jclouds\cloud_disk\src\main\resources
2016-07-02 15:00:49,510 [Worker-18] WARN  o.e.m.c.i.embedder.EclipseLogger - Using platform encoding (GBK actually) to copy filtered resources, i.e. build is platform dependent!
2016-07-02 15:00:49,511 [Worker-18] INFO  o.e.m.c.i.embedder.EclipseLogger - skip non existing resourceDirectory E:\swiftdisk\swiftdisk_jclouds\cloud_disk\src\test\resources
2016-07-02 15:01:48,494 [Worker-32] WARN  o.e.m.c.i.embedder.EclipseLogger - Using platform encoding (GBK actually) to copy filtered resources, i.e. build is platform dependent!
2016-07-02 15:01:48,495 [Worker-32] INFO  o.e.m.c.i.embedder.EclipseLogger - skip non existing resourceDirectory E:\swiftdisk\swiftdisk_jclouds\cloud_disk\src\main\resources
2016-07-02 15:01:48,497 [Worker-32] WARN  o.e.m.c.i.embedder.EclipseLogger - Using platform encoding (GBK actually) to copy filtered resources, i.e. build is platform dependent!
2016-07-02 15:01:48,498 [Worker-32] INFO  o.e.m.c.i.embedder.EclipseLogger - skip non existing resourceDirectory E:\swiftdisk\swiftdisk_jclouds\cloud_disk\src\test\resources
2016-07-02 15:02:57,439 [Worker-33] WARN  o.e.m.c.i.embedder.EclipseLogger - Using platform encoding (GBK actually) to copy filtered resources, i.e. build is platform dependent!
2016-07-02 15:02:57,439 [Worker-33] INFO  o.e.m.c.i.embedder.EclipseLogger - skip non existing resourceDirectory E:\swiftdisk\swiftdisk_jclouds\cloud_disk\src\main\resources
2016-07-02 15:02:57,454 [Worker-33] WARN  o.e.m.c.i.embedder.EclipseLogger - Using platform encoding (GBK actually) to copy filtered resources, i.e. build is platform dependent!
2016-07-02 15:02:57,454 [Worker-33] INFO  o.e.m.c.i.embedder.EclipseLogger - skip non existing resourceDirectory E:\swiftdisk\swiftdisk_jclouds\cloud_disk\src\test\resources
2016-07-02 15:03:35,318 [Worker-27] WARN  o.e.m.c.i.embedder.EclipseLogger - Using platform encoding (GBK actually) to copy filtered resources, i.e. build is platform dependent!
2016-07-02 15:03:35,319 [Worker-27] INFO  o.e.m.c.i.embedder.EclipseLogger - skip non existing resourceDirectory E:\swiftdisk\swiftdisk_jclouds\cloud_disk\src\main\resources
2016-07-02 15:03:35,320 [Worker-27] WARN  o.e.m.c.i.embedder.EclipseLogger - Using platform encoding (GBK actually) to copy filtered resources, i.e. build is platform dependent!
2016-07-02 15:03:35,321 [Worker-27] INFO  o.e.m.c.i.embedder.EclipseLogger - skip non existing resourceDirectory E:\swiftdisk\swiftdisk_jclouds\cloud_disk\src\test\resources
2016-07-02 15:03:58,389 [Worker-32] WARN  o.e.m.c.i.embedder.EclipseLogger - Using platform encoding (GBK actually) to copy filtered resources, i.e. build is platform dependent!
2016-07-02 15:03:58,389 [Worker-32] INFO  o.e.m.c.i.embedder.EclipseLogger - skip non existing resourceDirectory E:\swiftdisk\swiftdisk_jclouds\cloud_disk\src\main\resources
2016-07-02 15:03:58,392 [Worker-32] WARN  o.e.m.c.i.embedder.EclipseLogger - Using platform encoding (GBK actually) to copy filtered resources, i.e. build is platform dependent!
2016-07-02 15:03:58,393 [Worker-32] INFO  o.e.m.c.i.embedder.EclipseLogger - skip non existing resourceDirectory E:\swiftdisk\swiftdisk_jclouds\cloud_disk\src\test\resources
2016-07-02 15:09:12,189 [Worker-31] WARN  o.e.m.c.i.embedder.EclipseLogger - Using platform encoding (GBK actually) to copy filtered resources, i.e. build is platform dependent!
2016-07-02 15:09:12,189 [Worker-31] INFO  o.e.m.c.i.embedder.EclipseLogger - skip non existing resourceDirectory E:\swiftdisk\swiftdisk_jclouds\cloud_disk\src\main\resources
2016-07-02 15:09:12,189 [Worker-31] WARN  o.e.m.c.i.embedder.EclipseLogger - Using platform encoding (GBK actually) to copy filtered resources, i.e. build is platform dependent!
2016-07-02 15:09:12,189 [Worker-31] INFO  o.e.m.c.i.embedder.EclipseLogger - skip non existing resourceDirectory E:\swiftdisk\swiftdisk_jclouds\cloud_disk\src\test\resources
2016-07-02 15:09:28,512 [Worker-37] WARN  o.e.m.c.i.embedder.EclipseLogger - Using platform encoding (GBK actually) to copy filtered resources, i.e. build is platform dependent!
2016-07-02 15:09:28,513 [Worker-37] INFO  o.e.m.c.i.embedder.EclipseLogger - skip non existing resourceDirectory E:\swiftdisk\swiftdisk_jclouds\cloud_disk\src\main\resources
2016-07-02 15:09:28,514 [Worker-37] WARN  o.e.m.c.i.embedder.EclipseLogger - Using platform encoding (GBK actually) to copy filtered resources, i.e. build is platform dependent!
2016-07-02 15:09:28,515 [Worker-37] INFO  o.e.m.c.i.embedder.EclipseLogger - skip non existing resourceDirectory E:\swiftdisk\swiftdisk_jclouds\cloud_disk\src\test\resources
2016-07-02 15:09:40,214 [Worker-37] WARN  o.e.m.c.i.embedder.EclipseLogger - Using platform encoding (GBK actually) to copy filtered resources, i.e. build is platform dependent!
2016-07-02 15:09:40,215 [Worker-37] INFO  o.e.m.c.i.embedder.EclipseLogger - skip non existing resourceDirectory E:\swiftdisk\swiftdisk_jclouds\cloud_disk\src\main\resources
2016-07-02 15:09:40,216 [Worker-37] WARN  o.e.m.c.i.embedder.EclipseLogger - Using platform encoding (GBK actually) to copy filtered resources, i.e. build is platform dependent!
2016-07-02 15:09:40,217 [Worker-37] INFO  o.e.m.c.i.embedder.EclipseLogger - skip non existing resourceDirectory E:\swiftdisk\swiftdisk_jclouds\cloud_disk\src\test\resources
2016-07-02 15:09:53,674 [Worker-37] WARN  o.e.m.c.i.embedder.EclipseLogger - Using platform encoding (GBK actually) to copy filtered resources, i.e. build is platform dependent!
2016-07-02 15:09:53,675 [Worker-37] INFO  o.e.m.c.i.embedder.EclipseLogger - skip non existing resourceDirectory E:\swiftdisk\swiftdisk_jclouds\cloud_disk\src\main\resources
2016-07-02 15:09:53,676 [Worker-37] WARN  o.e.m.c.i.embedder.EclipseLogger - Using platform encoding (GBK actually) to copy filtered resources, i.e. build is platform dependent!
2016-07-02 15:09:53,676 [Worker-37] INFO  o.e.m.c.i.embedder.EclipseLogger - skip non existing resourceDirectory E:\swiftdisk\swiftdisk_jclouds\cloud_disk\src\test\resources
2016-07-02 15:10:57,594 [Worker-31] WARN  o.e.m.c.i.embedder.EclipseLogger - Using platform encoding (GBK actually) to copy filtered resources, i.e. build is platform dependent!
2016-07-02 15:10:57,595 [Worker-31] INFO  o.e.m.c.i.embedder.EclipseLogger - skip non existing resourceDirectory E:\swiftdisk\swiftdisk_jclouds\cloud_disk\src\main\resources
2016-07-02 15:10:57,596 [Worker-31] WARN  o.e.m.c.i.embedder.EclipseLogger - Using platform encoding (GBK actually) to copy filtered resources, i.e. build is platform dependent!
2016-07-02 15:10:57,597 [Worker-31] INFO  o.e.m.c.i.embedder.EclipseLogger - skip non existing resourceDirectory E:\swiftdisk\swiftdisk_jclouds\cloud_disk\src\test\resources
2016-07-02 15:11:20,709 [Worker-33] WARN  o.e.m.c.i.embedder.EclipseLogger - Using platform encoding (GBK actually) to copy filtered resources, i.e. build is platform dependent!
2016-07-02 15:11:20,710 [Worker-33] INFO  o.e.m.c.i.embedder.EclipseLogger - skip non existing resourceDirectory E:\swiftdisk\swiftdisk_jclouds\cloud_disk\src\main\resources
2016-07-02 15:11:20,712 [Worker-33] WARN  o.e.m.c.i.embedder.EclipseLogger - Using platform encoding (GBK actually) to copy filtered resources, i.e. build is platform dependent!
2016-07-02 15:11:20,713 [Worker-33] INFO  o.e.m.c.i.embedder.EclipseLogger - skip non existing resourceDirectory E:\swiftdisk\swiftdisk_jclouds\cloud_disk\src\test\resources
2016-07-02 15:11:52,412 [Worker-18] WARN  o.e.m.c.i.embedder.EclipseLogger - Using platform encoding (GBK actually) to copy filtered resources, i.e. build is platform dependent!
2016-07-02 15:11:52,413 [Worker-18] INFO  o.e.m.c.i.embedder.EclipseLogger - skip non existing resourceDirectory E:\swiftdisk\swiftdisk_jclouds\cloud_disk\src\main\resources
2016-07-02 15:11:52,414 [Worker-18] WARN  o.e.m.c.i.embedder.EclipseLogger - Using platform encoding (GBK actually) to copy filtered resources, i.e. build is platform dependent!
2016-07-02 15:11:52,415 [Worker-18] INFO  o.e.m.c.i.embedder.EclipseLogger - skip non existing resourceDirectory E:\swiftdisk\swiftdisk_jclouds\cloud_disk\src\test\resources
2016-07-02 15:12:11,698 [Worker-28] WARN  o.e.m.c.i.embedder.EclipseLogger - Using platform encoding (GBK actually) to copy filtered resources, i.e. build is platform dependent!
2016-07-02 15:12:11,699 [Worker-28] INFO  o.e.m.c.i.embedder.EclipseLogger - skip non existing resourceDirectory E:\swiftdisk\swiftdisk_jclouds\cloud_disk\src\main\resources
2016-07-02 15:12:11,700 [Worker-28] WARN  o.e.m.c.i.embedder.EclipseLogger - Using platform encoding (GBK actually) to copy filtered resources, i.e. build is platform dependent!
2016-07-02 15:12:11,701 [Worker-28] INFO  o.e.m.c.i.embedder.EclipseLogger - skip non existing resourceDirectory E:\swiftdisk\swiftdisk_jclouds\cloud_disk\src\test\resources
2016-07-02 15:12:27,715 [Worker-31] WARN  o.e.m.c.i.embedder.EclipseLogger - Using platform encoding (GBK actually) to copy filtered resources, i.e. build is platform dependent!
2016-07-02 15:12:27,717 [Worker-31] INFO  o.e.m.c.i.embedder.EclipseLogger - skip non existing resourceDirectory E:\swiftdisk\swiftdisk_jclouds\cloud_disk\src\main\resources
2016-07-02 15:12:27,718 [Worker-31] WARN  o.e.m.c.i.embedder.EclipseLogger - Using platform encoding (GBK actually) to copy filtered resources, i.e. build is platform dependent!
2016-07-02 15:12:27,719 [Worker-31] INFO  o.e.m.c.i.embedder.EclipseLogger - skip non existing resourceDirectory E:\swiftdisk\swiftdisk_jclouds\cloud_disk\src\test\resources
2016-07-02 15:12:40,441 [Worker-17] WARN  o.e.m.c.i.embedder.EclipseLogger - Using platform encoding (GBK actually) to copy filtered resources, i.e. build is platform dependent!
2016-07-02 15:12:40,442 [Worker-17] INFO  o.e.m.c.i.embedder.EclipseLogger - skip non existing resourceDirectory E:\swiftdisk\swiftdisk_jclouds\cloud_disk\src\main\resources
2016-07-02 15:12:40,443 [Worker-17] WARN  o.e.m.c.i.embedder.EclipseLogger - Using platform encoding (GBK actually) to copy filtered resources, i.e. build is platform dependent!
2016-07-02 15:12:40,444 [Worker-17] INFO  o.e.m.c.i.embedder.EclipseLogger - skip non existing resourceDirectory E:\swiftdisk\swiftdisk_jclouds\cloud_disk\src\test\resources
2016-07-02 15:12:57,626 [Worker-18] WARN  o.e.m.c.i.embedder.EclipseLogger - Using platform encoding (GBK actually) to copy filtered resources, i.e. build is platform dependent!
2016-07-02 15:12:57,627 [Worker-18] INFO  o.e.m.c.i.embedder.EclipseLogger - skip non existing resourceDirectory E:\swiftdisk\swiftdisk_jclouds\cloud_disk\src\main\resources
2016-07-02 15:12:57,629 [Worker-18] WARN  o.e.m.c.i.embedder.EclipseLogger - Using platform encoding (GBK actually) to copy filtered resources, i.e. build is platform dependent!
2016-07-02 15:12:57,629 [Worker-18] INFO  o.e.m.c.i.embedder.EclipseLogger - skip non existing resourceDirectory E:\swiftdisk\swiftdisk_jclouds\cloud_disk\src\test\resources
2016-07-02 15:15:05,067 [Worker-31] WARN  o.e.m.c.i.embedder.EclipseLogger - Using platform encoding (GBK actually) to copy filtered resources, i.e. build is platform dependent!
2016-07-02 15:15:05,068 [Worker-31] INFO  o.e.m.c.i.embedder.EclipseLogger - skip non existing resourceDirectory E:\swiftdisk\swiftdisk_jclouds\cloud_disk\src\main\resources
2016-07-02 15:15:05,069 [Worker-31] WARN  o.e.m.c.i.embedder.EclipseLogger - Using platform encoding (GBK actually) to copy filtered resources, i.e. build is platform dependent!
2016-07-02 15:15:05,070 [Worker-31] INFO  o.e.m.c.i.embedder.EclipseLogger - skip non existing resourceDirectory E:\swiftdisk\swiftdisk_jclouds\cloud_disk\src\test\resources
2016-07-02 15:16:24,449 [Worker-35] WARN  o.e.m.c.i.embedder.EclipseLogger - Using platform encoding (GBK actually) to copy filtered resources, i.e. build is platform dependent!
2016-07-02 15:16:24,450 [Worker-35] INFO  o.e.m.c.i.embedder.EclipseLogger - skip non existing resourceDirectory E:\swiftdisk\swiftdisk_jclouds\cloud_disk\src\main\resources
2016-07-02 15:16:24,452 [Worker-35] WARN  o.e.m.c.i.embedder.EclipseLogger - Using platform encoding (GBK actually) to copy filtered resources, i.e. build is platform dependent!
2016-07-02 15:16:24,453 [Worker-35] INFO  o.e.m.c.i.embedder.EclipseLogger - skip non existing resourceDirectory E:\swiftdisk\swiftdisk_jclouds\cloud_disk\src\test\resources
2016-07-02 15:17:54,393 [Worker-18] WARN  o.e.m.c.i.embedder.EclipseLogger - Using platform encoding (GBK actually) to copy filtered resources, i.e. build is platform dependent!
2016-07-02 15:17:54,394 [Worker-18] INFO  o.e.m.c.i.embedder.EclipseLogger - skip non existing resourceDirectory E:\swiftdisk\swiftdisk_jclouds\cloud_disk\src\main\resources
2016-07-02 15:17:54,395 [Worker-18] WARN  o.e.m.c.i.embedder.EclipseLogger - Using platform encoding (GBK actually) to copy filtered resources, i.e. build is platform dependent!
2016-07-02 15:17:54,396 [Worker-18] INFO  o.e.m.c.i.embedder.EclipseLogger - skip non existing resourceDirectory E:\swiftdisk\swiftdisk_jclouds\cloud_disk\src\test\resources
